<?xml version="1.0" encoding="UTF-8"?>
<!-- Generated by org.testng.reporters.JUnitXMLReporter -->
<testsuite hostname="DESKTOP-MI5D1LI" ignored="0" name="TestLoginUS156" tests="3" failures="1" timestamp="15 Jan 2018 08:13:55 GMT" time="38.492" errors="0">
  <testcase name="LoginSuccessful" time="12.861" classname="Scenario_Component.Login_Successful">
    <failure type="java.lang.AssertionError" message="The following asserts failed:
	Testcase failed as Actual result is Logout expected result is LOGOUT">
      <![CDATA[java.lang.AssertionError: The following asserts failed:Testcase failed as Actual result is Logout expected result is LOGOUTat Scenario_Component.Login_Successful.LoginSuccessful(Login_Successful.java:45)... Removed 26 stack frames]]>
    </failure>
  </testcase> <!-- LoginSuccessful -->
  <testcase name="testInvalidLogin" time="13.576" classname="Scenario_Component.Invalid_Login"/>
  <testcase name="VerifyTitle" time="11.977" classname="Scenario_Component.VerifyTitle"/>
</testsuite> <!-- TestLoginUS156 -->
